<?xml version="1.0"?>
<!DOCTYPE coverage SYSTEM "http://cobertura.sourceforge.net/xml/coverage-04.dtd">

<coverage line-rate="0.9259259259259259" branch-rate="0.8536585365853658" lines-covered="250" lines-valid="270" branches-covered="105" branches-valid="123" complexity="3.34" version="2.0.3" timestamp="1711391146518">
	<sources>
		<source>src/main/java</source>
	</sources>
	<packages>
		<package name="org.apache.commons.lang3.time" line-rate="0.9259259259259259" branch-rate="0.8536585365853658" complexity="3.34">
			<classes>
				<class name="org.apache.commons.lang3.time.FastDateParser" filename="org/apache/commons/lang3/time/FastDateParser.java" line-rate="0.95" branch-rate="0.8842105263157894" complexity="3.34">
					<methods>
						<method name="&lt;clinit&gt;" signature="()V" line-rate="1.0" branch-rate="1.0">
							<lines>
								<line number="76" hits="8" branch="false"/>
								<line number="79" hits="8" branch="false"/>
								<line number="357" hits="8" branch="false"/>
								<line number="526" hits="8" branch="false"/>
								<line number="745" hits="8" branch="false"/>
								<line number="833" hits="8" branch="false"/>
								<line number="834" hits="8" branch="false"/>
								<line number="835" hits="8" branch="false"/>
								<line number="836" hits="8" branch="false"/>
								<line number="838" hits="8" branch="false"/>
								<line number="844" hits="8" branch="false"/>
								<line number="845" hits="8" branch="false"/>
								<line number="846" hits="8" branch="false"/>
								<line number="847" hits="8" branch="false"/>
								<line number="848" hits="8" branch="false"/>
								<line number="849" hits="8" branch="false"/>
								<line number="850" hits="8" branch="false"/>
								<line number="851" hits="8" branch="false"/>
								<line number="857" hits="8" branch="false"/>
								<line number="863" hits="8" branch="false"/>
								<line number="864" hits="8" branch="false"/>
								<line number="865" hits="8" branch="false"/>
								<line number="866" hits="8" branch="false"/>
							</lines>
						</method>
						<method name="&lt;init&gt;" signature="(Ljava/lang/String;Ljava/util/TimeZone;Ljava/util/Locale;)V" line-rate="1.0" branch-rate="1.0">
							<lines>
								<line number="104" hits="1739" branch="false"/>
								<line number="105" hits="1739" branch="false"/>
								<line number="106" hits="1739" branch="false"/>
								<line number="107" hits="1739" branch="false"/>
								<line number="108" hits="1739" branch="false"/>
								<line number="109" hits="1739" branch="false"/>
							</lines>
						</method>
						<method name="access$000" signature="(Ljava/lang/StringBuilder;Ljava/lang/String;Z)Ljava/lang/StringBuilder;" line-rate="1.0" branch-rate="1.0">
							<lines>
							</lines>
						</method>
						<method name="access$100" signature="()Ljava/util/Comparator;" line-rate="1.0" branch-rate="1.0">
							<lines>
								<line number="68" hits="192102" branch="false"/>
							</lines>
						</method>
						<method name="adjustYear" signature="(I)I" line-rate="0.75" branch-rate="0.5">
							<lines>
								<line number="473" hits="10" branch="false"/>
								<line number="474" hits="10" branch="true" condition-coverage="50% (1/2)">
									<conditions>
										<condition number="0" type="jump" coverage="50%"/>
									</conditions>
								</line>
								<line number="475" hits="10" branch="false"/>
								<line number="477" hits="0" branch="false"/>
							</lines>
						</method>
						<method name="copy" signature="([Lorg/apache/commons/lang3/time/FastDateParser$KeyValue;I[Ljava/lang/String;)I" line-rate="1.0" branch-rate="1.0">
							<lines>
								<line number="456" hits="9364" branch="true" condition-coverage="100% (2/2)">
									<conditions>
										<condition number="0" type="jump" coverage="100%"/>
									</conditions>
								</line>
								<line number="457" hits="60549" branch="true" condition-coverage="100% (2/2)">
									<conditions>
										<condition number="0" type="jump" coverage="100%"/>
									</conditions>
								</line>
								<line number="458" hits="52798" branch="false"/>
								<line number="459" hits="52798" branch="true" condition-coverage="100% (2/2)">
									<conditions>
										<condition number="0" type="jump" coverage="100%"/>
									</conditions>
								</line>
								<line number="460" hits="47942" branch="false"/>
								<line number="464" hits="9364" branch="false"/>
							</lines>
						</method>
						<method name="count" signature="([Ljava/lang/String;)I" line-rate="1.0" branch-rate="1.0">
							<lines>
								<line number="437" hits="9364" branch="false"/>
								<line number="438" hits="9364" branch="true" condition-coverage="100% (2/2)">
									<conditions>
										<condition number="0" type="jump" coverage="100%"/>
									</conditions>
								</line>
								<line number="439" hits="60549" branch="true" condition-coverage="100% (2/2)">
									<conditions>
										<condition number="0" type="jump" coverage="100%"/>
									</conditions>
								</line>
								<line number="440" hits="52798" branch="true" condition-coverage="100% (2/2)">
									<conditions>
										<condition number="0" type="jump" coverage="100%"/>
									</conditions>
								</line>
								<line number="441" hits="47942" branch="false"/>
								<line number="445" hits="9364" branch="false"/>
							</lines>
						</method>
						<method name="createKeyValues" signature="([Ljava/lang/String;[Ljava/lang/String;)[Lorg/apache/commons/lang3/time/FastDateParser$KeyValue;" line-rate="1.0" branch-rate="1.0">
							<lines>
								<line number="425" hits="4682" branch="false"/>
								<line number="426" hits="4682" branch="false"/>
								<line number="427" hits="4682" branch="false"/>
								<line number="428" hits="4682" branch="false"/>
							</lines>
						</method>
						<method name="equals" signature="(Ljava/lang/Object;)Z" line-rate="1.0" branch-rate="0.625">
							<lines>
								<line number="193" hits="2" branch="true" condition-coverage="100% (2/2)">
									<conditions>
										<condition number="0" type="jump" coverage="100%"/>
									</conditions>
								</line>
								<line number="194" hits="1" branch="false"/>
								<line number="196" hits="1" branch="false"/>
								<line number="197" hits="1" branch="true" condition-coverage="50% (3/6)">
									<conditions>
										<condition number="0" type="jump" coverage="50%"/>
										<condition number="1" type="jump" coverage="50%"/>
										<condition number="2" type="jump" coverage="50%"/>
									</conditions>
								</line>
							</lines>
						</method>
						<method name="escapeRegex" signature="(Ljava/lang/StringBuilder;Ljava/lang/String;Z)Ljava/lang/StringBuilder;" line-rate="0.9" branch-rate="0.8888888888888888">
							<lines>
								<line number="304" hits="1953611" branch="true" condition-coverage="100% (2/2)">
									<conditions>
										<condition number="0" type="jump" coverage="100%"/>
									</conditions>
								</line>
								<line number="305" hits="1766969" branch="false"/>
								<line number="306" hits="1766969" branch="true" condition-coverage="100% (3/3)">
									<conditions>
										<condition number="0" type="switch" coverage="100%"/>
									</conditions>
								</line>
								<line number="308" hits="1722" branch="true" condition-coverage="100% (2/2)">
									<conditions>
										<condition number="0" type="jump" coverage="100%"/>
									</conditions>
								</line>
								<line number="309" hits="6" branch="true" condition-coverage="50% (1/2)">
									<conditions>
										<condition number="0" type="jump" coverage="50%"/>
									</conditions>
								</line>
								<line number="310" hits="0" branch="false"/>
								<line number="312" hits="6" branch="false"/>
								<line number="329" hits="21122" branch="false"/>
								<line number="331" hits="1766969" branch="false"/>
								<line number="333" hits="186642" branch="false"/>
							</lines>
						</method>
						<method name="getDisplayNames" signature="(I)[Lorg/apache/commons/lang3/time/FastDateParser$KeyValue;" line-rate="0.9047619047619048" branch-rate="0.7777777777777778">
							<lines>
								<line number="370" hits="10152" branch="false"/>
								<line number="371" hits="10152" branch="false"/>
								<line number="372" hits="10152" branch="true" condition-coverage="100% (2/2)">
									<conditions>
										<condition number="0" type="jump" coverage="100%"/>
									</conditions>
								</line>
								<line number="373" hits="4682" branch="false"/>
								<line number="374" hits="4682" branch="true" condition-coverage="80% (4/5)">
									<conditions>
										<condition number="0" type="switch" coverage="80%"/>
									</conditions>
								</line>
								<line number="379" hits="641" branch="false"/>
								<line number="381" hits="641" branch="false"/>
								<line number="382" hits="641" branch="false"/>
								<line number="383" hits="641" branch="false"/>
								<line number="384" hits="641" branch="false"/>
								<line number="386" hits="1612" branch="false"/>
								<line number="387" hits="1612" branch="false"/>
								<line number="389" hits="1613" branch="false"/>
								<line number="390" hits="1613" branch="false"/>
								<line number="392" hits="816" branch="false"/>
								<line number="393" hits="816" branch="false"/>
								<line number="395" hits="0" branch="false"/>
								<line number="397" hits="4682" branch="false"/>
								<line number="398" hits="4682" branch="true" condition-coverage="50% (1/2)">
									<conditions>
										<condition number="0" type="jump" coverage="50%"/>
									</conditions>
								</line>
								<line number="399" hits="0" branch="false"/>
								<line number="402" hits="10152" branch="false"/>
							</lines>
						</method>
						<method name="getFieldWidth" signature="()I" line-rate="1.0" branch-rate="1.0">
							<lines>
								<line number="493" hits="28" branch="false"/>
							</lines>
						</method>
						<method name="getLocale" signature="()Ljava/util/Locale;" line-rate="1.0" branch-rate="1.0">
							<lines>
								<line number="175" hits="1" branch="false"/>
							</lines>
						</method>
						<method name="getParsePattern" signature="()Ljava/util/regex/Pattern;" line-rate="1.0" branch-rate="1.0">
							<lines>
								<line number="180" hits="1" branch="false"/>
							</lines>
						</method>
						<method name="getPattern" signature="()Ljava/lang/String;" line-rate="1.0" branch-rate="1.0">
							<lines>
								<line number="159" hits="1" branch="false"/>
							</lines>
						</method>
						<method name="getStrategy" signature="(Ljava/lang/String;)Lorg/apache/commons/lang3/time/FastDateParser$Strategy;" line-rate="0.9655172413793104" branch-rate="0.967741935483871">
							<lines>
								<line number="535" hits="23277" branch="true" condition-coverage="100% (21/21)">
									<conditions>
										<condition number="0" type="switch" coverage="100%"/>
									</conditions>
								</line>
								<line number="537" hits="50" branch="true" condition-coverage="100% (2/2)">
									<conditions>
										<condition number="0" type="jump" coverage="100%"/>
									</conditions>
								</line>
								<line number="538" hits="46" branch="false"/>
								<line number="542" hits="10754" branch="false"/>
								<line number="544" hits="23" branch="false"/>
								<line number="546" hits="1615" branch="false"/>
								<line number="548" hits="2" branch="false"/>
								<line number="550" hits="644" branch="false"/>
								<line number="552" hits="64" branch="false"/>
								<line number="554" hits="2" branch="false"/>
								<line number="556" hits="1714" branch="true" condition-coverage="100% (2/2)">
									<conditions>
										<condition number="0" type="jump" coverage="100%"/>
									</conditions>
								</line>
								<line number="558" hits="20" branch="false"/>
								<line number="560" hits="2" branch="false"/>
								<line number="562" hits="1635" branch="false"/>
								<line number="564" hits="1616" branch="false"/>
								<line number="566" hits="1699" branch="false"/>
								<line number="568" hits="1606" branch="false"/>
								<line number="570" hits="2" branch="false"/>
								<line number="572" hits="78" branch="false"/>
								<line number="574" hits="74" branch="false"/>
								<line number="576" hits="3" branch="false"/>
								<line number="578" hits="1714" branch="true" condition-coverage="100% (2/2)">
									<conditions>
										<condition number="0" type="jump" coverage="100%"/>
									</conditions>
								</line>
								<line number="582" hits="1645" branch="false"/>
								<line number="583" hits="1645" branch="true" condition-coverage="100% (2/2)">
									<conditions>
										<condition number="0" type="jump" coverage="100%"/>
									</conditions>
								</line>
								<line number="584" hits="332" branch="false"/>
								<line number="585" hits="332" branch="false"/>
								<line number="586" hits="332" branch="true" condition-coverage="50% (1/2)">
									<conditions>
										<condition number="0" type="jump" coverage="50%"/>
									</conditions>
								</line>
								<line number="587" hits="0" branch="false"/>
								<line number="590" hits="1645" branch="false"/>
							</lines>
						</method>
						<method name="getTimeZone" signature="()Ljava/util/TimeZone;" line-rate="1.0" branch-rate="1.0">
							<lines>
								<line number="167" hits="1" branch="false"/>
							</lines>
						</method>
						<method name="hashCode" signature="()I" line-rate="1.0" branch-rate="1.0">
							<lines>
								<line number="209" hits="16" branch="false"/>
							</lines>
						</method>
						<method name="init" signature="()V" line-rate="0.9615384615384616" branch-rate="0.875">
							<lines>
								<line number="116" hits="1742" branch="false"/>
								<line number="118" hits="1742" branch="false"/>
								<line number="120" hits="1742" branch="false"/>
								<line number="121" hits="1742" branch="false"/>
								<line number="123" hits="1742" branch="false"/>
								<line number="124" hits="1742" branch="true" condition-coverage="50% (1/2)">
									<conditions>
										<condition number="0" type="jump" coverage="50%"/>
									</conditions>
								</line>
								<line number="125" hits="0" branch="false"/>
								<line number="128" hits="1742" branch="false"/>
								<line number="129" hits="1742" branch="false"/>
								<line number="131" hits="23277" branch="false"/>
								<line number="132" hits="23277" branch="true" condition-coverage="100% (2/2)">
									<conditions>
										<condition number="0" type="jump" coverage="100%"/>
									</conditions>
								</line>
								<line number="133" hits="1742" branch="false"/>
								<line number="134" hits="1742" branch="false"/>
								<line number="136" hits="21535" branch="false"/>
								<line number="137" hits="21535" branch="false"/>
								<line number="138" hits="21535" branch="true" condition-coverage="100% (2/2)">
									<conditions>
										<condition number="0" type="jump" coverage="100%"/>
									</conditions>
								</line>
								<line number="139" hits="10786" branch="false"/>
								<line number="141" hits="21535" branch="false"/>
								<line number="142" hits="21535" branch="false"/>
								<line number="143" hits="21535" branch="false"/>
								<line number="144" hits="1742" branch="true" condition-coverage="100% (2/2)">
									<conditions>
										<condition number="0" type="jump" coverage="100%"/>
									</conditions>
								</line>
								<line number="145" hits="1737" branch="false"/>
								<line number="147" hits="1742" branch="false"/>
								<line number="148" hits="1742" branch="false"/>
								<line number="149" hits="1742" branch="false"/>
								<line number="150" hits="1742" branch="false"/>
							</lines>
						</method>
						<method name="isNextNumber" signature="()Z" line-rate="1.0" branch-rate="1.0">
							<lines>
								<line number="485" hits="6186" branch="true" condition-coverage="100% (4/4)">
									<conditions>
										<condition number="0" type="jump" coverage="100%"/>
										<condition number="1" type="jump" coverage="100%"/>
									</conditions>
								</line>
							</lines>
						</method>
						<method name="parse" signature="(Ljava/lang/String;)Ljava/util/Date;" line-rate="0.8333333333333334" branch-rate="0.75">
							<lines>
								<line number="250" hits="1984" branch="false"/>
								<line number="251" hits="1984" branch="true" condition-coverage="100% (2/2)">
									<conditions>
										<condition number="0" type="jump" coverage="100%"/>
									</conditions>
								</line>
								<line number="253" hits="2" branch="true" condition-coverage="50% (1/2)">
									<conditions>
										<condition number="0" type="jump" coverage="50%"/>
									</conditions>
								</line>
								<line number="254" hits="0" branch="false"/>
								<line number="258" hits="2" branch="false"/>
								<line number="260" hits="1982" branch="false"/>
							</lines>
						</method>
						<method name="parse" signature="(Ljava/lang/String;Ljava/text/ParsePosition;)Ljava/util/Date;" line-rate="1.0" branch-rate="1.0">
							<lines>
								<line number="276" hits="97451" branch="false"/>
								<line number="277" hits="97477" branch="false"/>
								<line number="278" hits="97097" branch="true" condition-coverage="100% (2/2)">
									<conditions>
										<condition number="0" type="jump" coverage="100%"/>
									</conditions>
								</line>
								<line number="279" hits="2" branch="false"/>
								<line number="282" hits="96135" branch="false"/>
								<line number="283" hits="96030" branch="false"/>
								<line number="285" hits="94640" branch="true" condition-coverage="100% (2/2)">
									<conditions>
										<condition number="0" type="jump" coverage="100%"/>
									</conditions>
								</line>
								<line number="286" hits="570286" branch="false"/>
								<line number="287" hits="574891" branch="false"/>
								<line number="288" hits="571004" branch="false"/>
								<line number="289" hits="101658" branch="false"/>
								<line number="290" hits="101583" branch="false"/>
							</lines>
						</method>
						<method name="parseObject" signature="(Ljava/lang/String;)Ljava/lang/Object;" line-rate="0.0" branch-rate="1.0">
							<lines>
								<line number="242" hits="0" branch="false"/>
							</lines>
						</method>
						<method name="parseObject" signature="(Ljava/lang/String;Ljava/text/ParsePosition;)Ljava/lang/Object;" line-rate="1.0" branch-rate="1.0">
							<lines>
								<line number="268" hits="95696" branch="false"/>
							</lines>
						</method>
						<method name="readObject" signature="(Ljava/io/ObjectInputStream;)V" line-rate="1.0" branch-rate="1.0">
							<lines>
								<line number="233" hits="3" branch="false"/>
								<line number="234" hits="3" branch="false"/>
								<line number="235" hits="3" branch="false"/>
							</lines>
						</method>
						<method name="toArray" signature="(Ljava/util/Map;)[Ljava/lang/String;" line-rate="0.8888888888888888" branch-rate="0.75">
							<lines>
								<line number="406" hits="1282" branch="false"/>
								<line number="407" hits="1282" branch="true" condition-coverage="100% (2/2)">
									<conditions>
										<condition number="0" type="jump" coverage="100%"/>
									</conditions>
								</line>
								<line number="408" hits="2564" branch="false"/>
								<line number="409" hits="2564" branch="false"/>
								<line number="410" hits="2564" branch="true" condition-coverage="50% (1/2)">
									<conditions>
										<condition number="0" type="jump" coverage="50%"/>
									</conditions>
								</line>
								<line number="411" hits="0" branch="false"/>
								<line number="413" hits="2564" branch="false"/>
								<line number="414" hits="2564" branch="false"/>
								<line number="415" hits="1282" branch="false"/>
							</lines>
						</method>
						<method name="toString" signature="()Ljava/lang/String;" line-rate="1.0" branch-rate="1.0">
							<lines>
								<line number="219" hits="1" branch="false"/>
							</lines>
						</method>
					</methods>
					<lines>
						<line number="68" hits="192102" branch="false"/>
						<line number="76" hits="8" branch="false"/>
						<line number="79" hits="8" branch="false"/>
						<line number="104" hits="1739" branch="false"/>
						<line number="105" hits="1739" branch="false"/>
						<line number="106" hits="1739" branch="false"/>
						<line number="107" hits="1739" branch="false"/>
						<line number="108" hits="1739" branch="false"/>
						<line number="109" hits="1739" branch="false"/>
						<line number="116" hits="1742" branch="false"/>
						<line number="118" hits="1742" branch="false"/>
						<line number="120" hits="1742" branch="false"/>
						<line number="121" hits="1742" branch="false"/>
						<line number="123" hits="1742" branch="false"/>
						<line number="124" hits="1742" branch="true" condition-coverage="50% (1/2)">
							<conditions>
								<condition number="0" type="jump" coverage="50%"/>
							</conditions>
						</line>
						<line number="125" hits="0" branch="false"/>
						<line number="128" hits="1742" branch="false"/>
						<line number="129" hits="1742" branch="false"/>
						<line number="131" hits="23277" branch="false"/>
						<line number="132" hits="23277" branch="true" condition-coverage="100% (2/2)">
							<conditions>
								<condition number="0" type="jump" coverage="100%"/>
							</conditions>
						</line>
						<line number="133" hits="1742" branch="false"/>
						<line number="134" hits="1742" branch="false"/>
						<line number="136" hits="21535" branch="false"/>
						<line number="137" hits="21535" branch="false"/>
						<line number="138" hits="21535" branch="true" condition-coverage="100% (2/2)">
							<conditions>
								<condition number="0" type="jump" coverage="100%"/>
							</conditions>
						</line>
						<line number="139" hits="10786" branch="false"/>
						<line number="141" hits="21535" branch="false"/>
						<line number="142" hits="21535" branch="false"/>
						<line number="143" hits="21535" branch="false"/>
						<line number="144" hits="1742" branch="true" condition-coverage="100% (2/2)">
							<conditions>
								<condition number="0" type="jump" coverage="100%"/>
							</conditions>
						</line>
						<line number="145" hits="1737" branch="false"/>
						<line number="147" hits="1742" branch="false"/>
						<line number="148" hits="1742" branch="false"/>
						<line number="149" hits="1742" branch="false"/>
						<line number="150" hits="1742" branch="false"/>
						<line number="159" hits="1" branch="false"/>
						<line number="167" hits="1" branch="false"/>
						<line number="175" hits="1" branch="false"/>
						<line number="180" hits="1" branch="false"/>
						<line number="193" hits="2" branch="true" condition-coverage="100% (2/2)">
							<conditions>
								<condition number="0" type="jump" coverage="100%"/>
							</conditions>
						</line>
						<line number="194" hits="1" branch="false"/>
						<line number="196" hits="1" branch="false"/>
						<line number="197" hits="1" branch="true" condition-coverage="50% (3/6)">
							<conditions>
								<condition number="0" type="jump" coverage="50%"/>
								<condition number="1" type="jump" coverage="50%"/>
								<condition number="2" type="jump" coverage="50%"/>
							</conditions>
						</line>
						<line number="209" hits="16" branch="false"/>
						<line number="219" hits="1" branch="false"/>
						<line number="233" hits="3" branch="false"/>
						<line number="234" hits="3" branch="false"/>
						<line number="235" hits="3" branch="false"/>
						<line number="242" hits="0" branch="false"/>
						<line number="250" hits="1984" branch="false"/>
						<line number="251" hits="1984" branch="true" condition-coverage="100% (2/2)">
							<conditions>
								<condition number="0" type="jump" coverage="100%"/>
							</conditions>
						</line>
						<line number="253" hits="2" branch="true" condition-coverage="50% (1/2)">
							<conditions>
								<condition number="0" type="jump" coverage="50%"/>
							</conditions>
						</line>
						<line number="254" hits="0" branch="false"/>
						<line number="258" hits="2" branch="false"/>
						<line number="260" hits="1982" branch="false"/>
						<line number="268" hits="95696" branch="false"/>
						<line number="276" hits="97451" branch="false"/>
						<line number="277" hits="97477" branch="false"/>
						<line number="278" hits="97097" branch="true" condition-coverage="100% (2/2)">
							<conditions>
								<condition number="0" type="jump" coverage="100%"/>
							</conditions>
						</line>
						<line number="279" hits="2" branch="false"/>
						<line number="282" hits="96135" branch="false"/>
						<line number="283" hits="96030" branch="false"/>
						<line number="285" hits="94640" branch="true" condition-coverage="100% (2/2)">
							<conditions>
								<condition number="0" type="jump" coverage="100%"/>
							</conditions>
						</line>
						<line number="286" hits="570286" branch="false"/>
						<line number="287" hits="574891" branch="false"/>
						<line number="288" hits="571004" branch="false"/>
						<line number="289" hits="101658" branch="false"/>
						<line number="290" hits="101583" branch="false"/>
						<line number="304" hits="1953611" branch="true" condition-coverage="100% (2/2)">
							<conditions>
								<condition number="0" type="jump" coverage="100%"/>
							</conditions>
						</line>
						<line number="305" hits="1766969" branch="false"/>
						<line number="306" hits="1766969" branch="true" condition-coverage="100% (3/3)">
							<conditions>
								<condition number="0" type="switch" coverage="100%"/>
							</conditions>
						</line>
						<line number="308" hits="1722" branch="true" condition-coverage="100% (2/2)">
							<conditions>
								<condition number="0" type="jump" coverage="100%"/>
							</conditions>
						</line>
						<line number="309" hits="6" branch="true" condition-coverage="50% (1/2)">
							<conditions>
								<condition number="0" type="jump" coverage="50%"/>
							</conditions>
						</line>
						<line number="310" hits="0" branch="false"/>
						<line number="312" hits="6" branch="false"/>
						<line number="329" hits="21122" branch="false"/>
						<line number="331" hits="1766969" branch="false"/>
						<line number="333" hits="186642" branch="false"/>
						<line number="357" hits="8" branch="false"/>
						<line number="370" hits="10152" branch="false"/>
						<line number="371" hits="10152" branch="false"/>
						<line number="372" hits="10152" branch="true" condition-coverage="100% (2/2)">
							<conditions>
								<condition number="0" type="jump" coverage="100%"/>
							</conditions>
						</line>
						<line number="373" hits="4682" branch="false"/>
						<line number="374" hits="4682" branch="true" condition-coverage="80% (4/5)">
							<conditions>
								<condition number="0" type="switch" coverage="80%"/>
							</conditions>
						</line>
						<line number="379" hits="641" branch="false"/>
						<line number="381" hits="641" branch="false"/>
						<line number="382" hits="641" branch="false"/>
						<line number="383" hits="641" branch="false"/>
						<line number="384" hits="641" branch="false"/>
						<line number="386" hits="1612" branch="false"/>
						<line number="387" hits="1612" branch="false"/>
						<line number="389" hits="1613" branch="false"/>
						<line number="390" hits="1613" branch="false"/>
						<line number="392" hits="816" branch="false"/>
						<line number="393" hits="816" branch="false"/>
						<line number="395" hits="0" branch="false"/>
						<line number="397" hits="4682" branch="false"/>
						<line number="398" hits="4682" branch="true" condition-coverage="50% (1/2)">
							<conditions>
								<condition number="0" type="jump" coverage="50%"/>
							</conditions>
						</line>
						<line number="399" hits="0" branch="false"/>
						<line number="402" hits="10152" branch="false"/>
						<line number="406" hits="1282" branch="false"/>
						<line number="407" hits="1282" branch="true" condition-coverage="100% (2/2)">
							<conditions>
								<condition number="0" type="jump" coverage="100%"/>
							</conditions>
						</line>
						<line number="408" hits="2564" branch="false"/>
						<line number="409" hits="2564" branch="false"/>
						<line number="410" hits="2564" branch="true" condition-coverage="50% (1/2)">
							<conditions>
								<condition number="0" type="jump" coverage="50%"/>
							</conditions>
						</line>
						<line number="411" hits="0" branch="false"/>
						<line number="413" hits="2564" branch="false"/>
						<line number="414" hits="2564" branch="false"/>
						<line number="415" hits="1282" branch="false"/>
						<line number="425" hits="4682" branch="false"/>
						<line number="426" hits="4682" branch="false"/>
						<line number="427" hits="4682" branch="false"/>
						<line number="428" hits="4682" branch="false"/>
						<line number="437" hits="9364" branch="false"/>
						<line number="438" hits="9364" branch="true" condition-coverage="100% (2/2)">
							<conditions>
								<condition number="0" type="jump" coverage="100%"/>
							</conditions>
						</line>
						<line number="439" hits="60549" branch="true" condition-coverage="100% (2/2)">
							<conditions>
								<condition number="0" type="jump" coverage="100%"/>
							</conditions>
						</line>
						<line number="440" hits="52798" branch="true" condition-coverage="100% (2/2)">
							<conditions>
								<condition number="0" type="jump" coverage="100%"/>
							</conditions>
						</line>
						<line number="441" hits="47942" branch="false"/>
						<line number="445" hits="9364" branch="false"/>
						<line number="456" hits="9364" branch="true" condition-coverage="100% (2/2)">
							<conditions>
								<condition number="0" type="jump" coverage="100%"/>
							</conditions>
						</line>
						<line number="457" hits="60549" branch="true" condition-coverage="100% (2/2)">
							<conditions>
								<condition number="0" type="jump" coverage="100%"/>
							</conditions>
						</line>
						<line number="458" hits="52798" branch="false"/>
						<line number="459" hits="52798" branch="true" condition-coverage="100% (2/2)">
							<conditions>
								<condition number="0" type="jump" coverage="100%"/>
							</conditions>
						</line>
						<line number="460" hits="47942" branch="false"/>
						<line number="464" hits="9364" branch="false"/>
						<line number="473" hits="10" branch="false"/>
						<line number="474" hits="10" branch="true" condition-coverage="50% (1/2)">
							<conditions>
								<condition number="0" type="jump" coverage="50%"/>
							</conditions>
						</line>
						<line number="475" hits="10" branch="false"/>
						<line number="477" hits="0" branch="false"/>
						<line number="485" hits="6186" branch="true" condition-coverage="100% (4/4)">
							<conditions>
								<condition number="0" type="jump" coverage="100%"/>
								<condition number="1" type="jump" coverage="100%"/>
							</conditions>
						</line>
						<line number="493" hits="28" branch="false"/>
						<line number="526" hits="8" branch="false"/>
						<line number="535" hits="23277" branch="true" condition-coverage="100% (21/21)">
							<conditions>
								<condition number="0" type="switch" coverage="100%"/>
							</conditions>
						</line>
						<line number="537" hits="50" branch="true" condition-coverage="100% (2/2)">
							<conditions>
								<condition number="0" type="jump" coverage="100%"/>
							</conditions>
						</line>
						<line number="538" hits="46" branch="false"/>
						<line number="542" hits="10754" branch="false"/>
						<line number="544" hits="23" branch="false"/>
						<line number="546" hits="1615" branch="false"/>
						<line number="548" hits="2" branch="false"/>
						<line number="550" hits="644" branch="false"/>
						<line number="552" hits="64" branch="false"/>
						<line number="554" hits="2" branch="false"/>
						<line number="556" hits="1714" branch="true" condition-coverage="100% (2/2)">
							<conditions>
								<condition number="0" type="jump" coverage="100%"/>
							</conditions>
						</line>
						<line number="558" hits="20" branch="false"/>
						<line number="560" hits="2" branch="false"/>
						<line number="562" hits="1635" branch="false"/>
						<line number="564" hits="1616" branch="false"/>
						<line number="566" hits="1699" branch="false"/>
						<line number="568" hits="1606" branch="false"/>
						<line number="570" hits="2" branch="false"/>
						<line number="572" hits="78" branch="false"/>
						<line number="574" hits="74" branch="false"/>
						<line number="576" hits="3" branch="false"/>
						<line number="578" hits="1714" branch="true" condition-coverage="100% (2/2)">
							<conditions>
								<condition number="0" type="jump" coverage="100%"/>
							</conditions>
						</line>
						<line number="582" hits="1645" branch="false"/>
						<line number="583" hits="1645" branch="true" condition-coverage="100% (2/2)">
							<conditions>
								<condition number="0" type="jump" coverage="100%"/>
							</conditions>
						</line>
						<line number="584" hits="332" branch="false"/>
						<line number="585" hits="332" branch="false"/>
						<line number="586" hits="332" branch="true" condition-coverage="50% (1/2)">
							<conditions>
								<condition number="0" type="jump" coverage="50%"/>
							</conditions>
						</line>
						<line number="587" hits="0" branch="false"/>
						<line number="590" hits="1645" branch="false"/>
						<line number="745" hits="8" branch="false"/>
						<line number="833" hits="8" branch="false"/>
						<line number="834" hits="8" branch="false"/>
						<line number="835" hits="8" branch="false"/>
						<line number="836" hits="8" branch="false"/>
						<line number="838" hits="8" branch="false"/>
						<line number="844" hits="8" branch="false"/>
						<line number="845" hits="8" branch="false"/>
						<line number="846" hits="8" branch="false"/>
						<line number="847" hits="8" branch="false"/>
						<line number="848" hits="8" branch="false"/>
						<line number="849" hits="8" branch="false"/>
						<line number="850" hits="8" branch="false"/>
						<line number="851" hits="8" branch="false"/>
						<line number="857" hits="8" branch="false"/>
						<line number="863" hits="8" branch="false"/>
						<line number="864" hits="8" branch="false"/>
						<line number="865" hits="8" branch="false"/>
						<line number="866" hits="8" branch="false"/>
					</lines>
				</class>
				<class name="org.apache.commons.lang3.time.FastDateParser$1" filename="org/apache/commons/lang3/time/FastDateParser.java" line-rate="1.0" branch-rate="1.0" complexity="3.34">
					<methods>
						<method name="&lt;init&gt;" signature="()V" line-rate="1.0" branch-rate="1.0">
							<lines>
							</lines>
						</method>
						<method name="compare" signature="(Ljava/lang/Object;Ljava/lang/Object;)I" line-rate="1.0" branch-rate="1.0">
							<lines>
								<line number="357" hits="144862" branch="false"/>
							</lines>
						</method>
						<method name="compare" signature="(Lorg/apache/commons/lang3/time/FastDateParser$KeyValue;Lorg/apache/commons/lang3/time/FastDateParser$KeyValue;)I" line-rate="1.0" branch-rate="1.0">
							<lines>
								<line number="360" hits="144854" branch="false"/>
							</lines>
						</method>
					</methods>
					<lines>
						<line number="357" hits="144862" branch="false"/>
						<line number="360" hits="144854" branch="false"/>
					</lines>
				</class>
				<class name="org.apache.commons.lang3.time.FastDateParser$2" filename="org/apache/commons/lang3/time/FastDateParser.java" line-rate="1.0" branch-rate="1.0" complexity="3.34">
					<methods>
						<method name="&lt;init&gt;" signature="(I)V" line-rate="1.0" branch-rate="1.0">
							<lines>
								<line number="745" hits="8" branch="false"/>
							</lines>
						</method>
						<method name="setCalendar" signature="(Lorg/apache/commons/lang3/time/FastDateParser;Ljava/util/Calendar;Ljava/lang/String;)V" line-rate="1.0" branch-rate="1.0">
							<lines>
								<line number="751" hits="964" branch="false"/>
								<line number="752" hits="964" branch="true" condition-coverage="100% (2/2)">
									<conditions>
										<condition number="0" type="jump" coverage="100%"/>
									</conditions>
								</line>
								<line number="753" hits="10" branch="false"/>
								<line number="755" hits="964" branch="false"/>
								<line number="756" hits="964" branch="false"/>
							</lines>
						</method>
					</methods>
					<lines>
						<line number="745" hits="8" branch="false"/>
						<line number="751" hits="964" branch="false"/>
						<line number="752" hits="964" branch="true" condition-coverage="100% (2/2)">
							<conditions>
								<condition number="0" type="jump" coverage="100%"/>
							</conditions>
						</line>
						<line number="753" hits="10" branch="false"/>
						<line number="755" hits="964" branch="false"/>
						<line number="756" hits="964" branch="false"/>
					</lines>
				</class>
				<class name="org.apache.commons.lang3.time.FastDateParser$3" filename="org/apache/commons/lang3/time/FastDateParser.java" line-rate="1.0" branch-rate="1.0" complexity="3.34">
					<methods>
						<method name="&lt;init&gt;" signature="(I)V" line-rate="1.0" branch-rate="1.0">
							<lines>
								<line number="838" hits="8" branch="false"/>
							</lines>
						</method>
						<method name="modify" signature="(I)I" line-rate="1.0" branch-rate="1.0">
							<lines>
								<line number="841" hits="94904" branch="false"/>
							</lines>
						</method>
					</methods>
					<lines>
						<line number="838" hits="8" branch="false"/>
						<line number="841" hits="94904" branch="false"/>
					</lines>
				</class>
				<class name="org.apache.commons.lang3.time.FastDateParser$4" filename="org/apache/commons/lang3/time/FastDateParser.java" line-rate="1.0" branch-rate="1.0" complexity="3.34">
					<methods>
						<method name="&lt;init&gt;" signature="(I)V" line-rate="1.0" branch-rate="1.0">
							<lines>
								<line number="851" hits="8" branch="false"/>
							</lines>
						</method>
						<method name="modify" signature="(I)I" line-rate="1.0" branch-rate="1.0">
							<lines>
								<line number="854" hits="93889" branch="false"/>
							</lines>
						</method>
					</methods>
					<lines>
						<line number="851" hits="8" branch="false"/>
						<line number="854" hits="93889" branch="false"/>
					</lines>
				</class>
				<class name="org.apache.commons.lang3.time.FastDateParser$5" filename="org/apache/commons/lang3/time/FastDateParser.java" line-rate="1.0" branch-rate="1.0" complexity="3.34">
					<methods>
						<method name="&lt;init&gt;" signature="(I)V" line-rate="1.0" branch-rate="1.0">
							<lines>
								<line number="857" hits="8" branch="false"/>
							</lines>
						</method>
						<method name="modify" signature="(I)I" line-rate="1.0" branch-rate="1.0">
							<lines>
								<line number="860" hits="1920" branch="false"/>
							</lines>
						</method>
					</methods>
					<lines>
						<line number="857" hits="8" branch="false"/>
						<line number="860" hits="1920" branch="false"/>
					</lines>
				</class>
				<class name="org.apache.commons.lang3.time.FastDateParser$CopyQuotedStrategy" filename="org/apache/commons/lang3/time/FastDateParser.java" line-rate="0.9" branch-rate="1.0" complexity="3.34">
					<methods>
						<method name="&lt;init&gt;" signature="(Ljava/lang/String;)V" line-rate="1.0" branch-rate="1.0">
							<lines>
								<line number="603" hits="10754" branch="false"/>
								<line number="604" hits="10754" branch="false"/>
								<line number="605" hits="10754" branch="false"/>
							</lines>
						</method>
						<method name="addRegex" signature="(Lorg/apache/commons/lang3/time/FastDateParser;Ljava/lang/StringBuilder;)Z" line-rate="1.0" branch-rate="1.0">
							<lines>
								<line number="624" hits="10754" branch="false"/>
								<line number="625" hits="10754" branch="false"/>
							</lines>
						</method>
						<method name="isNumber" signature="()Z" line-rate="1.0" branch-rate="1.0">
							<lines>
								<line number="612" hits="6050" branch="false"/>
								<line number="613" hits="6050" branch="true" condition-coverage="100% (2/2)">
									<conditions>
										<condition number="0" type="jump" coverage="100%"/>
									</conditions>
								</line>
								<line number="614" hits="2" branch="false"/>
								<line number="616" hits="6050" branch="false"/>
							</lines>
						</method>
						<method name="setCalendar" signature="(Lorg/apache/commons/lang3/time/FastDateParser;Ljava/util/Calendar;Ljava/lang/String;)V" line-rate="0.0" branch-rate="1.0">
							<lines>
								<line number="633" hits="0" branch="false"/>
							</lines>
						</method>
					</methods>
					<lines>
						<line number="603" hits="10754" branch="false"/>
						<line number="604" hits="10754" branch="false"/>
						<line number="605" hits="10754" branch="false"/>
						<line number="612" hits="6050" branch="false"/>
						<line number="613" hits="6050" branch="true" condition-coverage="100% (2/2)">
							<conditions>
								<condition number="0" type="jump" coverage="100%"/>
							</conditions>
						</line>
						<line number="614" hits="2" branch="false"/>
						<line number="616" hits="6050" branch="false"/>
						<line number="624" hits="10754" branch="false"/>
						<line number="625" hits="10754" branch="false"/>
						<line number="633" hits="0" branch="false"/>
					</lines>
				</class>
				<class name="org.apache.commons.lang3.time.FastDateParser$KeyValue" filename="org/apache/commons/lang3/time/FastDateParser.java" line-rate="1.0" branch-rate="1.0" complexity="3.34">
					<methods>
						<method name="&lt;init&gt;" signature="(Ljava/lang/String;I)V" line-rate="1.0" branch-rate="1.0">
							<lines>
								<line number="348" hits="53402" branch="false"/>
								<line number="349" hits="53402" branch="false"/>
								<line number="350" hits="53402" branch="false"/>
								<line number="351" hits="53402" branch="false"/>
							</lines>
						</method>
					</methods>
					<lines>
						<line number="348" hits="53402" branch="false"/>
						<line number="349" hits="53402" branch="false"/>
						<line number="350" hits="53402" branch="false"/>
						<line number="351" hits="53402" branch="false"/>
					</lines>
				</class>
				<class name="org.apache.commons.lang3.time.FastDateParser$NumberStrategy" filename="org/apache/commons/lang3/time/FastDateParser.java" line-rate="1.0" branch-rate="1.0" complexity="3.34">
					<methods>
						<method name="&lt;init&gt;" signature="(I)V" line-rate="1.0" branch-rate="1.0">
							<lines>
								<line number="701" hits="120" branch="false"/>
								<line number="702" hits="120" branch="false"/>
								<line number="703" hits="120" branch="false"/>
							</lines>
						</method>
						<method name="addRegex" signature="(Lorg/apache/commons/lang3/time/FastDateParser;Ljava/lang/StringBuilder;)Z" line-rate="1.0" branch-rate="1.0">
							<lines>
								<line number="718" hits="6186" branch="true" condition-coverage="100% (2/2)">
									<conditions>
										<condition number="0" type="jump" coverage="100%"/>
									</conditions>
								</line>
								<line number="719" hits="28" branch="false"/>
								<line number="722" hits="6158" branch="false"/>
								<line number="724" hits="6186" branch="false"/>
							</lines>
						</method>
						<method name="isNumber" signature="()Z" line-rate="1.0" branch-rate="1.0">
							<lines>
								<line number="710" hits="28" branch="false"/>
							</lines>
						</method>
						<method name="modify" signature="(I)I" line-rate="1.0" branch-rate="1.0">
							<lines>
								<line number="741" hits="429641" branch="false"/>
							</lines>
						</method>
						<method name="setCalendar" signature="(Lorg/apache/commons/lang3/time/FastDateParser;Ljava/util/Calendar;Ljava/lang/String;)V" line-rate="1.0" branch-rate="1.0">
							<lines>
								<line number="732" hits="539396" branch="false"/>
								<line number="733" hits="546482" branch="false"/>
							</lines>
						</method>
					</methods>
					<lines>
						<line number="701" hits="120" branch="false"/>
						<line number="702" hits="120" branch="false"/>
						<line number="703" hits="120" branch="false"/>
						<line number="710" hits="28" branch="false"/>
						<line number="718" hits="6186" branch="true" condition-coverage="100% (2/2)">
							<conditions>
								<condition number="0" type="jump" coverage="100%"/>
							</conditions>
						</line>
						<line number="719" hits="28" branch="false"/>
						<line number="722" hits="6158" branch="false"/>
						<line number="724" hits="6186" branch="false"/>
						<line number="732" hits="539396" branch="false"/>
						<line number="733" hits="546482" branch="false"/>
						<line number="741" hits="429641" branch="false"/>
					</lines>
				</class>
				<class name="org.apache.commons.lang3.time.FastDateParser$Strategy" filename="org/apache/commons/lang3/time/FastDateParser.java" line-rate="1.0" branch-rate="1.0" complexity="3.34">
					<methods>
					</methods>
					<lines>
					</lines>
				</class>
				<class name="org.apache.commons.lang3.time.FastDateParser$TextStrategy" filename="org/apache/commons/lang3/time/FastDateParser.java" line-rate="0.65" branch-rate="0.5" complexity="3.34">
					<methods>
						<method name="&lt;init&gt;" signature="(I)V" line-rate="1.0" branch-rate="1.0">
							<lines>
								<line number="646" hits="32" branch="false"/>
								<line number="647" hits="32" branch="false"/>
								<line number="648" hits="32" branch="false"/>
							</lines>
						</method>
						<method name="addRegex" signature="(Lorg/apache/commons/lang3/time/FastDateParser;Ljava/lang/StringBuilder;)Z" line-rate="1.0" branch-rate="1.0">
							<lines>
								<line number="663" hits="4692" branch="false"/>
								<line number="664" hits="52718" branch="true" condition-coverage="100% (2/2)">
									<conditions>
										<condition number="0" type="jump" coverage="100%"/>
									</conditions>
								</line>
								<line number="665" hits="48026" branch="false"/>
								<line number="667" hits="4692" branch="false"/>
								<line number="668" hits="4692" branch="false"/>
							</lines>
						</method>
						<method name="isNumber" signature="()Z" line-rate="0.0" branch-rate="1.0">
							<lines>
								<line number="655" hits="0" branch="false"/>
							</lines>
						</method>
						<method name="setCalendar" signature="(Lorg/apache/commons/lang3/time/FastDateParser;Ljava/util/Calendar;Ljava/lang/String;)V" line-rate="0.45454545454545453" branch-rate="0.25">
							<lines>
								<line number="676" hits="5460" branch="false"/>
								<line number="677" hits="5460" branch="false"/>
								<line number="678" hits="5460" branch="true" condition-coverage="50% (1/2)">
									<conditions>
										<condition number="0" type="jump" coverage="50%"/>
									</conditions>
								</line>
								<line number="679" hits="0" branch="false"/>
								<line number="680" hits="0" branch="false"/>
								<line number="681" hits="0" branch="true" condition-coverage="0% (0/2)">
									<conditions>
										<condition number="0" type="jump" coverage="0%"/>
									</conditions>
								</line>
								<line number="682" hits="0" branch="false"/>
								<line number="684" hits="0" branch="false"/>
								<line number="685" hits="0" branch="false"/>
								<line number="687" hits="5460" branch="false"/>
								<line number="688" hits="5460" branch="false"/>
							</lines>
						</method>
					</methods>
					<lines>
						<line number="646" hits="32" branch="false"/>
						<line number="647" hits="32" branch="false"/>
						<line number="648" hits="32" branch="false"/>
						<line number="655" hits="0" branch="false"/>
						<line number="663" hits="4692" branch="false"/>
						<line number="664" hits="52718" branch="true" condition-coverage="100% (2/2)">
							<conditions>
								<condition number="0" type="jump" coverage="100%"/>
							</conditions>
						</line>
						<line number="665" hits="48026" branch="false"/>
						<line number="667" hits="4692" branch="false"/>
						<line number="668" hits="4692" branch="false"/>
						<line number="676" hits="5460" branch="false"/>
						<line number="677" hits="5460" branch="false"/>
						<line number="678" hits="5460" branch="true" condition-coverage="50% (1/2)">
							<conditions>
								<condition number="0" type="jump" coverage="50%"/>
							</conditions>
						</line>
						<line number="679" hits="0" branch="false"/>
						<line number="680" hits="0" branch="false"/>
						<line number="681" hits="0" branch="true" condition-coverage="0% (0/2)">
							<conditions>
								<condition number="0" type="jump" coverage="0%"/>
							</conditions>
						</line>
						<line number="682" hits="0" branch="false"/>
						<line number="684" hits="0" branch="false"/>
						<line number="685" hits="0" branch="false"/>
						<line number="687" hits="5460" branch="false"/>
						<line number="688" hits="5460" branch="false"/>
					</lines>
				</class>
				<class name="org.apache.commons.lang3.time.FastDateParser$TimeZoneStrategy" filename="org/apache/commons/lang3/time/FastDateParser.java" line-rate="0.9032258064516129" branch-rate="0.75" complexity="3.34">
					<methods>
						<method name="&lt;init&gt;" signature="(Ljava/util/Locale;)V" line-rate="1.0" branch-rate="1.0">
							<lines>
								<line number="765" hits="332" branch="false"/>
								<line number="771" hits="332" branch="false"/>
								<line number="772" hits="209824" branch="true" condition-coverage="100% (2/2)">
									<conditions>
										<condition number="0" type="jump" coverage="100%"/>
									</conditions>
								</line>
								<line number="773" hits="209492" branch="true" condition-coverage="100% (2/2)">
									<conditions>
										<condition number="0" type="jump" coverage="100%"/>
									</conditions>
								</line>
								<line number="774" hits="664" branch="false"/>
								<line number="776" hits="208828" branch="false"/>
								<line number="777" hits="208828" branch="false"/>
								<line number="778" hits="208828" branch="false"/>
								<line number="779" hits="208828" branch="true" condition-coverage="100% (2/2)">
									<conditions>
										<condition number="0" type="jump" coverage="100%"/>
									</conditions>
								</line>
								<line number="780" hits="71380" branch="false"/>
								<line number="781" hits="71380" branch="false"/>
								<line number="784" hits="332" branch="false"/>
								<line number="785" hits="332" branch="false"/>
								<line number="786" hits="332" branch="true" condition-coverage="100% (2/2)">
									<conditions>
										<condition number="0" type="jump" coverage="100%"/>
									</conditions>
								</line>
								<line number="787" hits="127862" branch="false"/>
								<line number="788" hits="127862" branch="false"/>
								<line number="789" hits="332" branch="false"/>
								<line number="790" hits="332" branch="false"/>
								<line number="791" hits="332" branch="false"/>
							</lines>
						</method>
						<method name="addRegex" signature="(Lorg/apache/commons/lang3/time/FastDateParser;Ljava/lang/StringBuilder;)Z" line-rate="1.0" branch-rate="1.0">
							<lines>
								<line number="806" hits="1645" branch="false"/>
								<line number="807" hits="1645" branch="false"/>
							</lines>
						</method>
						<method name="isNumber" signature="()Z" line-rate="1.0" branch-rate="1.0">
							<lines>
								<line number="798" hits="20" branch="false"/>
							</lines>
						</method>
						<method name="setCalendar" signature="(Lorg/apache/commons/lang3/time/FastDateParser;Ljava/util/Calendar;Ljava/lang/String;)V" line-rate="0.6666666666666666" branch-rate="0.5">
							<lines>
								<line number="816" hits="96871" branch="true" condition-coverage="75% (3/4)">
									<conditions>
										<condition number="0" type="jump" coverage="50%"/>
										<condition number="1" type="jump" coverage="100%"/>
									</conditions>
								</line>
								<line number="817" hits="97740" branch="false"/>
								<line number="819" hits="4" branch="true" condition-coverage="50% (1/2)">
									<conditions>
										<condition number="0" type="jump" coverage="50%"/>
									</conditions>
								</line>
								<line number="820" hits="4" branch="false"/>
								<line number="823" hits="0" branch="false"/>
								<line number="824" hits="0" branch="true" condition-coverage="0% (0/2)">
									<conditions>
										<condition number="0" type="jump" coverage="0%"/>
									</conditions>
								</line>
								<line number="825" hits="0" branch="false"/>
								<line number="828" hits="101694" branch="false"/>
								<line number="829" hits="101673" branch="false"/>
							</lines>
						</method>
					</methods>
					<lines>
						<line number="765" hits="332" branch="false"/>
						<line number="771" hits="332" branch="false"/>
						<line number="772" hits="209824" branch="true" condition-coverage="100% (2/2)">
							<conditions>
								<condition number="0" type="jump" coverage="100%"/>
							</conditions>
						</line>
						<line number="773" hits="209492" branch="true" condition-coverage="100% (2/2)">
							<conditions>
								<condition number="0" type="jump" coverage="100%"/>
							</conditions>
						</line>
						<line number="774" hits="664" branch="false"/>
						<line number="776" hits="208828" branch="false"/>
						<line number="777" hits="208828" branch="false"/>
						<line number="778" hits="208828" branch="false"/>
						<line number="779" hits="208828" branch="true" condition-coverage="100% (2/2)">
							<conditions>
								<condition number="0" type="jump" coverage="100%"/>
							</conditions>
						</line>
						<line number="780" hits="71380" branch="false"/>
						<line number="781" hits="71380" branch="false"/>
						<line number="784" hits="332" branch="false"/>
						<line number="785" hits="332" branch="false"/>
						<line number="786" hits="332" branch="true" condition-coverage="100% (2/2)">
							<conditions>
								<condition number="0" type="jump" coverage="100%"/>
							</conditions>
						</line>
						<line number="787" hits="127862" branch="false"/>
						<line number="788" hits="127862" branch="false"/>
						<line number="789" hits="332" branch="false"/>
						<line number="790" hits="332" branch="false"/>
						<line number="791" hits="332" branch="false"/>
						<line number="798" hits="20" branch="false"/>
						<line number="806" hits="1645" branch="false"/>
						<line number="807" hits="1645" branch="false"/>
						<line number="816" hits="96871" branch="true" condition-coverage="75% (3/4)">
							<conditions>
								<condition number="0" type="jump" coverage="50%"/>
								<condition number="1" type="jump" coverage="100%"/>
							</conditions>
						</line>
						<line number="817" hits="97740" branch="false"/>
						<line number="819" hits="4" branch="true" condition-coverage="50% (1/2)">
							<conditions>
								<condition number="0" type="jump" coverage="50%"/>
							</conditions>
						</line>
						<line number="820" hits="4" branch="false"/>
						<line number="823" hits="0" branch="false"/>
						<line number="824" hits="0" branch="true" condition-coverage="0% (0/2)">
							<conditions>
								<condition number="0" type="jump" coverage="0%"/>
							</conditions>
						</line>
						<line number="825" hits="0" branch="false"/>
						<line number="828" hits="101694" branch="false"/>
						<line number="829" hits="101673" branch="false"/>
					</lines>
				</class>
			</classes>
		</package>
	</packages>
</coverage>
